<?xml version="1.0" encoding="UTF-8"?>
<!-- Generated by org.testng.reporters.JUnitXMLReporter -->
<testsuite ignored="0" hostname="ETC1304235" failures="1" tests="2" name="Orange HRM App Test cases" time="16.582" errors="0" timestamp="23 Feb 2023 06:20:41 GMT">
  <testcase classname="com.orangehrm.qa.testcases.LoginPageTest" name="orangeHRLogoImageTest" time="0.576">
    <failure type="java.lang.AssertionError" message="expected [true] but found [false]">
      <![CDATA[java.lang.AssertionError: expected [true] but found [false]
at com.orangehrm.qa.testcases.LoginPageTest.orangeHRLogoImageTest(LoginPageTest.java:35)
... Removed 29 stack frames]]>
    </failure>
  </testcase> <!-- orangeHRLogoImageTest -->
  <testcase classname="com.orangehrm.qa.testcases.DashboardPageTest" name="verifyDashboardPageTitleTest" time="0.013"/>
</testsuite> <!-- Orange HRM App Test cases -->
